<?xml version="1.0" encoding="UTF-8"?>
<testsuite name="kz.qa.jft.PrimesTest" tests="3" skipped="0" failures="0" errors="0" timestamp="2018-04-13T05:38:03" hostname="DESKTOP-6JPMPB0" time="5.901">
  <properties/>
  <testcase name="testNonPrimes" classname="kz.qa.jft.PrimesTest" time="0.011"/>
  <testcase name="testPrimes" classname="kz.qa.jft.PrimesTest" time="5.887"/>
  <testcase name="testPrimesFast" classname="kz.qa.jft.PrimesTest" time="0.002"/>
  <system-out><![CDATA[]]></system-out>
  <system-err><![CDATA[]]></system-err>
</testsuite>
