<?xml version="1.0" encoding="UTF-8"?>
<testsuite name="kz.qa.jft.EquationTests" tests="6" skipped="0" failures="0" errors="0" timestamp="2018-04-13T05:38:03" hostname="DESKTOP-6JPMPB0" time="0.035">
  <properties/>
  <testcase name="test0" classname="kz.qa.jft.EquationTests" time="0.017"/>
  <testcase name="test1" classname="kz.qa.jft.EquationTests" time="0.001"/>
  <testcase name="test2" classname="kz.qa.jft.EquationTests" time="0.001"/>
  <testcase name="testConstant" classname="kz.qa.jft.EquationTests" time="0.001"/>
  <testcase name="testLinear" classname="kz.qa.jft.EquationTests" time="0.0"/>
  <testcase name="testZero" classname="kz.qa.jft.EquationTests" time="0.001"/>
  <system-out><![CDATA[]]></system-out>
  <system-err><![CDATA[]]></system-err>
</testsuite>
