<?xml version="1.0" encoding="UTF-8"?>
<testsuite name="kz.qa.jft.sandbox.SquareTests" tests="1" skipped="0" failures="0" errors="0" timestamp="2018-04-13T05:38:09" hostname="DESKTOP-6JPMPB0" time="0.002">
  <properties/>
  <testcase name="testArea" classname="kz.qa.jft.sandbox.SquareTests" time="0.002"/>
  <system-out><![CDATA[]]></system-out>
  <system-err><![CDATA[]]></system-err>
</testsuite>
