<?xml version="1.0" encoding="UTF-8"?>
<testsuite name="kz.qa.jft.addressbook.tests.GroupDeletionTests" tests="1" skipped="0" failures="0" errors="0" timestamp="2018-04-07T07:26:12" hostname="DESKTOP-6JPMPB0" time="2.188">
  <properties/>
  <testcase name="testGroupDeletion" classname="kz.qa.jft.addressbook.tests.GroupDeletionTests" time="2.188"/>
  <system-out><![CDATA[]]></system-out>
  <system-err><![CDATA[]]></system-err>
</testsuite>
