<?xml version="1.0" encoding="UTF-8"?>
<testsuite name="kz.qa.jft.addressbook.tests.GroupModificationTests" tests="1" skipped="0" failures="0" errors="0" timestamp="2018-04-07T07:26:10" hostname="DESKTOP-6JPMPB0" time="2.29">
  <properties/>
  <testcase name="testGroupModification" classname="kz.qa.jft.addressbook.tests.GroupModificationTests" time="2.29"/>
  <system-out><![CDATA[]]></system-out>
  <system-err><![CDATA[]]></system-err>
</testsuite>
