<?xml version="1.0" encoding="UTF-8"?>
<testsuite name="kz.qa.jft.addressbook.tests.ContactPhoneTests" tests="1" skipped="0" failures="0" errors="0" timestamp="2018-04-07T07:34:22" hostname="DESKTOP-6JPMPB0" time="0.553">
  <properties/>
  <testcase name="testContactPhone" classname="kz.qa.jft.addressbook.tests.ContactPhoneTests" time="0.553"/>
  <system-out><![CDATA[]]></system-out>
  <system-err><![CDATA[]]></system-err>
</testsuite>
