<?xml version="1.0" encoding="UTF-8"?>
<testsuite name="kz.qa.jft.addressbook.tests.ContactModificationTest" tests="1" skipped="0" failures="0" errors="0" timestamp="2018-04-07T07:34:12" hostname="DESKTOP-6JPMPB0" time="10.027">
  <properties/>
  <testcase name="testContactModification" classname="kz.qa.jft.addressbook.tests.ContactModificationTest" time="10.027"/>
  <system-out><![CDATA[]]></system-out>
  <system-err><![CDATA[]]></system-err>
</testsuite>
