<?xml version="1.0" encoding="UTF-8"?>
<testsuite name="kz.qa.jft.addressbook.tests.ContactDeletionTest" tests="1" skipped="0" failures="0" errors="0" timestamp="2018-04-07T07:34:24" hostname="DESKTOP-6JPMPB0" time="7.334">
  <properties/>
  <testcase name="testContactDeletion" classname="kz.qa.jft.addressbook.tests.ContactDeletionTest" time="7.334"/>
  <system-out><![CDATA[]]></system-out>
  <system-err><![CDATA[]]></system-err>
</testsuite>
