<?xml version="1.0" encoding="UTF-8"?>
<testsuite name="kz.qa.jft.addressbook.tests.ContactEmailTests" tests="1" skipped="0" failures="0" errors="0" timestamp="2018-04-07T07:34:23" hostname="DESKTOP-6JPMPB0" time="0.485">
  <properties/>
  <testcase name="testContactEmail" classname="kz.qa.jft.addressbook.tests.ContactEmailTests" time="0.485"/>
  <system-out><![CDATA[]]></system-out>
  <system-err><![CDATA[]]></system-err>
</testsuite>
